OpenROAD v2.0-3008-g7120a6361 
This program is licensed under the BSD-3 license. See the LICENSE file for details.
Components of this program may be licensed under more restrictive licenses which must be honored.
[INFO ODB-0222] Reading LEF file: ./platforms/mfda_30px_m/lef/mfda_30px_m.tlef
[INFO ODB-0223]     Created 19 technology layers
[INFO ODB-0224]     Created 9 technology vias
[INFO ODB-0226] Finished LEF file:  ./platforms/mfda_30px_m/lef/mfda_30px_m.tlef
[INFO ODB-0222] Reading LEF file: ./platforms/mfda_30px_m/lef/mfda_30px_m_merged.lef
[WARNING ODB-0220] WARNING (LEFPARS-2001): No VERSION statement found, using the default value 5.8. See file ./platforms/mfda_30px_m/lef/mfda_30px_m_merged.lef at line 478.

[INFO ODB-0225]     Created 14 library cells
[INFO ODB-0226] Finished LEF file:  ./platforms/mfda_30px_m/lef/mfda_30px_m_merged.lef
[INFO ODB-0127] Reading DEF file: ./results/smart_toilet/base/1_1_floorplan.def
[INFO ODB-0128] Design: smart_toilet
[INFO ODB-0130]     Created 4 pins.
[INFO ODB-0131]     Created 16 components and 34 component-terminals.
[INFO ODB-0133]     Created 19 nets and 34 connections.
[INFO ODB-0134] Finished DEF file: ./results/smart_toilet/base/1_1_floorplan.def
[INFO PPL-0070] Pin soln1 placed at (960um, 930um).
[INFO PPL-0070] Pin soln2 placed at (960um, 840um).
[INFO PPL-0070] Pin soln3 placed at (960um, 750um).
[INFO PPL-0070] Pin out placed at (1590um, 660um).
Found 0 macro blocks.
Using 1u default distance from corners.
[INFO PPL-0007] Random pin placement.
Elapsed time: 0:00.10[h:]min:sec. Average CPU: 100%. Peak memory: 80748KB.
