OpenROAD v2.0-3008-g7120a6361 
This program is licensed under the BSD-3 license. See the LICENSE file for details.
Components of this program may be licensed under more restrictive licenses which must be honored.
[INFO ODB-0222] Reading LEF file: ./platforms/mfda_30px_m/lef/mfda_30px_m.tlef
[INFO ODB-0223]     Created 19 technology layers
[INFO ODB-0224]     Created 9 technology vias
[INFO ODB-0226] Finished LEF file:  ./platforms/mfda_30px_m/lef/mfda_30px_m.tlef
[INFO ODB-0222] Reading LEF file: ./platforms/mfda_30px_m/lef/mfda_30px_m_merged.lef
[WARNING ODB-0220] WARNING (LEFPARS-2001): No VERSION statement found, using the default value 5.8. See file ./platforms/mfda_30px_m/lef/mfda_30px_m_merged.lef at line 478.

[INFO ODB-0225]     Created 14 library cells
[INFO ODB-0226] Finished LEF file:  ./platforms/mfda_30px_m/lef/mfda_30px_m_merged.lef
[INFO ODB-0127] Reading DEF file: ./results/smart_toilet_r/base/2_2_place_iop.def
[INFO ODB-0128] Design: smart_toilet_r
[INFO ODB-0130]     Created 4 pins.
[INFO ODB-0131]     Created 16 components and 34 component-terminals.
[INFO ODB-0133]     Created 19 nets and 34 connections.
[INFO ODB-0134] Finished DEF file: ./results/smart_toilet_r/base/2_2_place_iop.def
[WARNING DPL-0010] Cannot find MACRO with VDD/VSS pins.
[WARNING DPL-0011] Could not find power special net.
Placement Analysis
---------------------------------
total displacement       1582.1 u
average displacement       98.9 u
max displacement          312.0 u
original HPWL            7506.0 u
legalized HPWL           8940.0 u
delta HPWL                   19 %

[INFO DPL-0020] Mirrored 8 instances
[INFO DPL-0021] HPWL before            8940.0 u
[INFO DPL-0022] HPWL after             8880.0 u
[INFO DPL-0023] HPWL delta               -0.7 %
[WARNING RSZ-0014] wire capacitance for corner default is zero. Use the set_wire_rc command to set wire resistance and capacitance.

==========================================================================
detailed place report_design_area
--------------------------------------------------------------------------
Design area 2167200 u^2 53% utilization.

Elapsed time: 0:00.10[h:]min:sec. Average CPU: 100%. Peak memory: 82744KB.
