OpenROAD v2.0-3008-g7120a6361 
This program is licensed under the BSD-3 license. See the LICENSE file for details.
Components of this program may be licensed under more restrictive licenses which must be honored.
[INFO ODB-0222] Reading LEF file: ./platforms/mfda_30px_m/lef/mfda_30px_m.tlef
[INFO ODB-0223]     Created 19 technology layers
[INFO ODB-0224]     Created 9 technology vias
[INFO ODB-0226] Finished LEF file:  ./platforms/mfda_30px_m/lef/mfda_30px_m.tlef
[INFO ODB-0222] Reading LEF file: ./platforms/mfda_30px_m/lef/mfda_30px_m_merged.lef
[WARNING ODB-0220] WARNING (LEFPARS-2001): No VERSION statement found, using the default value 5.8. See file ./platforms/mfda_30px_m/lef/mfda_30px_m_merged.lef at line 478.

[INFO ODB-0225]     Created 14 library cells
[INFO ODB-0226] Finished LEF file:  ./platforms/mfda_30px_m/lef/mfda_30px_m_merged.lef
[INFO ODB-0127] Reading DEF file: ./results/smart_toilet_r/base/2_place.def
[INFO ODB-0128] Design: smart_toilet_r
[INFO ODB-0130]     Created 4 pins.
[INFO ODB-0131]     Created 16 components and 34 component-terminals.
[INFO ODB-0133]     Created 19 nets and 34 connections.
[INFO ODB-0134] Finished DEF file: ./results/smart_toilet_r/base/2_place.def
[INFO GRT-0020] Min routing layer: met1
[INFO GRT-0021] Max routing layer: met9
[INFO GRT-0022] Global adjustment: 0%
[INFO GRT-0023] Grid origin: (0, 0)
[WARNING GRT-0043] No OR_DEFAULT vias defined.
[INFO GRT-0088] Layer met1    Track-Pitch = 30.0000  line-2-Via Pitch: -0.0010
[INFO GRT-0088] Layer met2    Track-Pitch = 30.0000  line-2-Via Pitch: -0.0010
[INFO GRT-0088] Layer met3    Track-Pitch = 30.0000  line-2-Via Pitch: -0.0010
[INFO GRT-0088] Layer met4    Track-Pitch = 30.0000  line-2-Via Pitch: -0.0010
[INFO GRT-0088] Layer met5    Track-Pitch = 30.0000  line-2-Via Pitch: -0.0010
[INFO GRT-0088] Layer met6    Track-Pitch = 30.0000  line-2-Via Pitch: -0.0010
[INFO GRT-0088] Layer met7    Track-Pitch = 30.0000  line-2-Via Pitch: -0.0010
[INFO GRT-0088] Layer met8    Track-Pitch = 30.0000  line-2-Via Pitch: -0.0010
[INFO GRT-0088] Layer met9    Track-Pitch = 30.0000  line-2-Via Pitch: -0.0010
[INFO GRT-0019] Found 0 clock nets.
[INFO GRT-0001] Minimum degree: 2
[INFO GRT-0002] Maximum degree: 2
[INFO GRT-0003] Macros: 0
[INFO GRT-0004] Blockages: 42

[INFO GRT-0053] Routing resources analysis:
          Routing      Original      Derated      Resource
Layer     Direction    Resources     Resources    Reduction (%)
---------------------------------------------------------------
met1       Horizontal        225           199          11.56%
met2       Vertical          225            70          68.89%
met3       Horizontal        225           152          32.44%
met4       Vertical          225            71          68.44%
met5       Horizontal        225           180          20.00%
met6       Vertical          225           134          40.44%
met7       Horizontal        225           208          7.56%
met8       Vertical          225           170          24.44%
met9       Horizontal        225           208          7.56%
---------------------------------------------------------------

[INFO GRT-0197] Via related to pin nodes: 8
[INFO GRT-0198] Via related Steiner nodes: 0
[INFO GRT-0199] Via filling finished.
[INFO GRT-0111] Final number of vias: 12
[INFO GRT-0112] Final usage 3D: 57

[INFO GRT-0096] Final congestion report:
Layer         Resource        Demand        Usage (%)    Max H / Max V / Total Overflow
---------------------------------------------------------------------------------------
met1               199            15            7.54%             0 /  0 /  0
met2                70             6            8.57%             0 /  0 /  0
met3               152             0            0.00%             0 /  0 /  0
met4                71             0            0.00%             0 /  0 /  0
met5               180             0            0.00%             0 /  0 /  0
met6               134             0            0.00%             0 /  0 /  0
met7               208             0            0.00%             0 /  0 /  0
met8               170             0            0.00%             0 /  0 /  0
met9               208             0            0.00%             0 /  0 /  0
---------------------------------------------------------------------------------------
Total             1392            21            1.51%             0 /  0 /  0

[INFO GRT-0018] Total wirelength: 22500 um
[INFO GRT-0014] Routed nets: 19

==========================================================================
global route report_design_area
--------------------------------------------------------------------------
Design area 2167200 u^2 53% utilization.


==========================================================================
check_antennas
--------------------------------------------------------------------------
[INFO ANT-0001] Found 0 pin violations.
[INFO ANT-0002] Found 0 net violations in 19 nets.
[WARNING FLW-0006] No clocks found.
[INFO FLW-0011] Path endpoint count 19
Elapsed time: 0:00.13[h:]min:sec. Average CPU: 99%. Peak memory: 164004KB.
